The target system is: Generic -  - arm
The host system is: Linux - 4.15.0-45-generic - x86_64
Compiling the C compiler identification source file "CMakeCCompilerId.c" succeeded.
Compiler: /home/markg/cs7ns2/gcc-arm-none-eabi/bin/arm-none-eabi-gcc 
Build flags: 
Id flags: -c 

The output was:
0


Compilation of the C compiler identification source "CMakeCCompilerId.c" produced "CMakeCCompilerId.o"

The C compiler identification is GNU, found in "/home/markg/git/iot/team05/CodeBase/tempLED/build/CMakeFiles/3.10.2/CompilerIdC/CMakeCCompilerId.o"

Compiling the CXX compiler identification source file "CMakeCXXCompilerId.cpp" succeeded.
Compiler: /home/markg/cs7ns2/gcc-arm-none-eabi/bin/arm-none-eabi-g++ 
Build flags: 
Id flags: -c 

The output was:
0


Compilation of the CXX compiler identification source "CMakeCXXCompilerId.cpp" produced "CMakeCXXCompilerId.o"

The CXX compiler identification is GNU, found in "/home/markg/git/iot/team05/CodeBase/tempLED/build/CMakeFiles/3.10.2/CompilerIdCXX/CMakeCXXCompilerId.o"

Performing C SOURCE FILE Test toolchain_is_ok succeeded with the following output:
Change Dir: /home/markg/git/iot/team05/CodeBase/tempLED/build/CMakeFiles/CMakeTmp

Run Build Command:"/usr/bin/ninja" "cmTC_8e52b"
[1/2] Building C object CMakeFiles/cmTC_8e52b.dir/src.c.obj
[2/2] Linking C executable cmTC_8e52b
/home/markg/cs7ns2/gcc-arm-none-eabi/bin/../lib/gcc/arm-none-eabi/8.2.1/../../../../arm-none-eabi/bin/ld: warning: cannot find entry symbol _start; defaulting to 0000000000008000

Source file was:
int main(void) { return 0; }
